#
# There is insufficient memory for the Java Runtime Environment to continue.
# Native memory allocation (malloc) failed to allocate 1048576 bytes. Error detail: AllocateHeap
# Possible reasons:
#   The system is out of physical RAM or swap space
#   This process is running with CompressedOops enabled, and the Java Heap may be blocking the growth of the native heap
# Possible solutions:
#   Reduce memory load on the system
#   Increase physical memory or swap space
#   Check if swap backing store is full
#   Decrease Java heap size (-Xmx/-Xms)
#   Decrease number of Java threads
#   Decrease Java thread stack sizes (-Xss)
#   Set larger code cache with -XX:ReservedCodeCacheSize=
#   JVM is running with Unscaled Compressed Oops mode in which the Java heap is
#     placed in the first 4GB address space. The Java Heap base address is the
#     maximum limit for the native heap growth. Please use -XX:HeapBaseMinAddress
#     to set the Java Heap base and to place the Java Heap above 4GB virtual address.
# This output file may be truncated or incomplete.
#
#  Out of Memory Error (allocation.cpp:42), pid=5420, tid=20204
#
# JRE version: Java(TM) SE Runtime Environment (25.0.2+10) (build 25.0.2+10-LTS-69)
# Java VM: Java HotSpot(TM) 64-Bit Server VM (25.0.2+10-LTS-69, mixed mode, emulated-client, sharing, tiered, compressed oops, compressed class ptrs, g1 gc, windows-amd64)
# No core dump will be written. Minidumps are not enabled by default on client versions of Windows
#

---------------  S U M M A R Y ------------

Command Line: -XX:TieredStopAtLevel=1 -Dspring.output.ansi.enabled=always -Dcom.sun.management.jmxremote -Dspring.jmx.enabled=true -Dspring.liveBeansView.mbeanDomain -Dspring.application.admin.enabled=true -Dmanagement.endpoints.jmx.exposure.include=* -javaagent:C:\Program Files\JetBrains\IntelliJ IDEA 2025.3.3\lib\idea_rt.jar=59392 -Dfile.encoding=UTF-8 -Dsun.stdout.encoding=UTF-8 -Dsun.stderr.encoding=UTF-8 com.example.habittracker.HabitTrackerApplication

Host: AMD Ryzen 5 5600H with Radeon Graphics         , 12 cores, 5G,  Windows 11 , 64 bit Build 26100 (10.0.26100.7920)
Time: Tue Apr  7 10:07:15 2026 elapsed time: 18.770394 seconds (0d 0h 0m 18s)

---------------  T H R E A D  ---------------

Current thread (0x0000011f26ec4d40):  JavaThread "Attach Listener" daemon [_thread_in_vm, id=20204, stack(0x0000001320000000,0x0000001320100000) (1024K)]

Stack: [0x0000001320000000,0x0000001320100000]
Native frames: (J=compiled Java code, j=interpreted, Vv=VM code, C=native code)
V  [jvm.dll+0x7a70f9]  (no source info available)
V  [jvm.dll+0x772d6d]  (no source info available)
V  [jvm.dll+0x965d53]  (no source info available)
V  [jvm.dll+0x968351]  (no source info available)
V  [jvm.dll+0x968a63]  (no source info available)
V  [jvm.dll+0x2fc846]  (no source info available)
V  [jvm.dll+0xf7487]  (no source info available)
V  [jvm.dll+0x7a7a1f]  (no source info available)
V  [jvm.dll+0x1991c7]  (no source info available)
V  [jvm.dll+0x48e9d1]  (no source info available)
V  [jvm.dll+0x906fcd]  (no source info available)
V  [jvm.dll+0x7a56d5]  (no source info available)
C  [ucrtbase.dll+0x37b0]  (no source info available)
C  [KERNEL32.DLL+0x2e8d7]  (no source info available)
C  [ntdll.dll+0x8c48c]  (no source info available)

Lock stack of current Java thread (top to bottom):


---------------  P R O C E S S  ---------------

Threads class SMR info:
_java_thread_list=0x0000011f2d1ccf90, length=22, elements={
0x0000011f1678b110, 0x0000011f26eb67f0, 0x0000011f26eb7c70, 0x0000011f26ebeee0,
0x0000011f26ec4d40, 0x0000011f26ec6470, 0x0000011f26ec7ba0, 0x0000011f26ed32f0,
0x0000011f2b0abc30, 0x0000011f2b3dbfa0, 0x0000011f2b3dc760, 0x0000011f2bb29e90,
0x0000011f2bbceba0, 0x0000011f2bbe13f0, 0x0000011f2bc2f810, 0x0000011f2c082210,
0x0000011f2c091d70, 0x0000011f2cc1bfb0, 0x0000011f2cc1cf50, 0x0000011f2cc1b010,
0x0000011f2cc1def0, 0x0000011f2cc1e6c0
}

Java Threads: ( => current thread )
  0x0000011f1678b110 JavaThread "main"                              [_thread_blocked, id=12580, stack(0x000000131f500000,0x000000131f600000) (1024K)]
  0x0000011f26eb67f0 JavaThread "Reference Handler"          daemon [_thread_blocked, id=20436, stack(0x000000131fd00000,0x000000131fe00000) (1024K)]
  0x0000011f26eb7c70 JavaThread "Finalizer"                  daemon [_thread_blocked, id=25592, stack(0x000000131fe00000,0x000000131ff00000) (1024K)]
  0x0000011f26ebeee0 JavaThread "Signal Dispatcher"          daemon [_thread_blocked, id=15108, stack(0x000000131ff00000,0x0000001320000000) (1024K)]
=>0x0000011f26ec4d40 JavaThread "Attach Listener"            daemon [_thread_in_vm, id=20204, stack(0x0000001320000000,0x0000001320100000) (1024K)]
  0x0000011f26ec6470 JavaThread "Service Thread"             daemon [_thread_blocked, id=24620, stack(0x0000001320100000,0x0000001320200000) (1024K)]
  0x0000011f26ec7ba0 JavaThread "Monitor Deflation Thread"   daemon [_thread_blocked, id=22372, stack(0x0000001320200000,0x0000001320300000) (1024K)]
  0x0000011f26ed32f0 JavaThread "C1 CompilerThread0"         daemon [_thread_blocked, id=22100, stack(0x0000001320300000,0x0000001320400000) (1024K)]
  0x0000011f2b0abc30 JavaThread "Common-Cleaner"             daemon [_thread_blocked, id=380, stack(0x0000001320500000,0x0000001320600000) (1024K)]
  0x0000011f2b3dbfa0 JavaThread "Monitor Ctrl-Break"         daemon [_thread_in_native, id=23760, stack(0x0000001320600000,0x0000001320700000) (1024K)]
  0x0000011f2b3dc760 JavaThread "Notification Thread"        daemon [_thread_blocked, id=23524, stack(0x0000001320700000,0x0000001320800000) (1024K)]
  0x0000011f2bb29e90 JavaThread "RMI TCP Accept-0"           daemon [_thread_in_native, id=9692, stack(0x0000001320800000,0x0000001320900000) (1024K)]
  0x0000011f2bbceba0 JavaThread "RMI TCP Connection(1)-192.168.10.106" daemon [_thread_in_native, id=11020, stack(0x0000001320900000,0x0000001320a00000) (1024K)]
  0x0000011f2bbe13f0 JavaThread "RMI Scheduler(0)"           daemon [_thread_blocked, id=22564, stack(0x0000001320a00000,0x0000001320b00000) (1024K)]
  0x0000011f2bc2f810 JavaThread "JMX server connection timeout 31" daemon [_thread_blocked, id=17676, stack(0x0000001320b00000,0x0000001320c00000) (1024K)]
  0x0000011f2c082210 JavaThread "Thread-0"                          [_thread_blocked, id=16032, stack(0x0000001320c00000,0x0000001320d00000) (1024K)]
  0x0000011f2c091d70 JavaThread "restartedMain"                     [_thread_in_vm, id=10276, stack(0x0000001320d00000,0x0000001320e00000) (1024K)]
  0x0000011f2cc1bfb0 JavaThread "Catalina-utility-1"                [_thread_blocked, id=20168, stack(0x0000001321900000,0x0000001321a00000) (1024K)]
  0x0000011f2cc1cf50 JavaThread "Catalina-utility-2"                [_thread_blocked, id=17208, stack(0x0000001321a00000,0x0000001321b00000) (1024K)]
  0x0000011f2cc1b010 JavaThread "container-0"                       [_thread_blocked, id=24728, stack(0x0000001321b00000,0x0000001321c00000) (1024K)]
  0x0000011f2cc1def0 JavaThread "PostgreSQL-JDBC-Cleaner"    daemon [_thread_blocked, id=4880, stack(0x0000001321d00000,0x0000001321e00000) (1024K)]
  0x0000011f2cc1e6c0 JavaThread "HikariPool-1 housekeeper"   daemon [_thread_blocked, id=6564, stack(0x0000001321e00000,0x0000001321f00000) (1024K)]
Total: 22

Other Threads:
  0x0000011f26ea4230 VMThread "VM Thread"                           [id=15880, stack(0x000000131fc00000,0x000000131fd00000) (1024K)]
  0x0000011f26e927e0 WatcherThread "VM Periodic Task Thread"        [id=23668, stack(0x000000131fb00000,0x000000131fc00000) (1024K)]
  0x0000011f167d54f0 WorkerThread "GC Thread#0"                     [id=24164, stack(0x000000131f600000,0x000000131f700000) (1024K)]
  0x0000011f2c2a59c0 WorkerThread "GC Thread#1"                     [id=12408, stack(0x0000001320f00000,0x0000001321000000) (1024K)]
  0x0000011f2c298e90 WorkerThread "GC Thread#2"                     [id=10824, stack(0x0000001321000000,0x0000001321100000) (1024K)]
  0x0000011f2c2992c0 WorkerThread "GC Thread#3"                     [id=21516, stack(0x0000001321100000,0x0000001321200000) (1024K)]
  0x0000011f2c2996f0 WorkerThread "GC Thread#4"                     [id=15056, stack(0x0000001321200000,0x0000001321300000) (1024K)]
  0x0000011f2c38c280 WorkerThread "GC Thread#5"                     [id=17780, stack(0x0000001321300000,0x0000001321400000) (1024K)]
  0x0000011f2c298900 WorkerThread "GC Thread#6"                     [id=22000, stack(0x0000001321400000,0x0000001321500000) (1024K)]
  0x0000011f2c38c6b0 WorkerThread "GC Thread#7"                     [id=20612, stack(0x0000001321500000,0x0000001321600000) (1024K)]
  0x0000011f2c585d50 WorkerThread "GC Thread#8"                     [id=21536, stack(0x0000001320e00000,0x0000001320f00000) (1024K)]
  0x0000011f2c5865f0 WorkerThread "GC Thread#9"                     [id=24980, stack(0x0000001321600000,0x0000001321700000) (1024K)]
  0x0000011f167e7d00 ConcurrentGCThread "G1 Main Marker"            [id=7300, stack(0x000000131f700000,0x000000131f800000) (1024K)]
  0x0000011f167e9590 WorkerThread "G1 Conc#0"                       [id=15764, stack(0x000000131f800000,0x000000131f900000) (1024K)]
  0x0000011f2c583f20 WorkerThread "G1 Conc#1"                       [id=8112, stack(0x0000001321700000,0x0000001321800000) (1024K)]
  0x0000011f2c584c10 WorkerThread "G1 Conc#2"                       [id=18480, stack(0x0000001321800000,0x0000001321900000) (1024K)]
  0x0000011f1683e910 ConcurrentGCThread "G1 Refine#0"               [id=18232, stack(0x000000131f900000,0x000000131fa00000) (1024K)]
  0x0000011f26d684e0 ConcurrentGCThread "G1 Service"                [id=6708, stack(0x000000131fa00000,0x000000131fb00000) (1024K)]
Total: 18

Threads with active compile tasks:
Total: 0

VM state: not at safepoint (normal execution)

VM Mutex/Monitor currently owned by a thread:  ([mutex/lock_event])
[0x00007ff80a7b73e8] Metaspace_lock - owner thread: 0x0000011f2c091d70

Heap address: 0x00000000a2400000, size: 1500 MB, Compressed Oops mode: 32-bit

CDS archive(s) mapped at: [0x000000002e000000-0x000000002edd0000-0x000000002edd0000), size 14483456, SharedBaseAddress: 0x000000002e000000, ArchiveRelocationMode: 1.
Compressed class space mapped at: 0x000000002f000000-0x000000006f000000, reserved size: 1073741824
UseCompressedClassPointers 1, UseCompactObjectHeaders 0
Narrow klass pointer bits 32, Max shift 3
Narrow klass base: 0x000000002e000000, Narrow klass shift: 0
Encoding Range: [0x000000002e000000 - 0x000000012e000000), (4294967296 bytes)
Klass Range:    [0x000000002e010000 - 0x000000006f000000), (1090453504 bytes)
Klass ID Range:  [65536 - 1090519033) (1090453497)
Protection zone: [0x000000002e000000 - 0x000000002e010000), (65536 bytes)

GC Precious Log:
 CardTable entry size: 512
 Card Set container configuration: InlinePtr #cards 5 size 8 Array Of Cards #cards 10 size 36 Howl #buckets 4 coarsen threshold 1843 Howl Bitmap #cards 512 size 80 coarsen threshold 460 Card regions per heap region 1 cards per card region 2048
 CPUs: 12 total, 12 available
 Memory: 5996M
 Large Page Support: Disabled
 NUMA Support: Disabled
 Compressed Oops: Enabled (32-bit)
 Heap Region Size: 1M
 Heap Min Capacity: 8M
 Heap Initial Capacity: 94M
 Heap Max Capacity: 1500M
 Pre-touch: Disabled
 Parallel Workers: 10
 Concurrent Workers: 3
 Concurrent Refinement Workers: 10
 Periodic GC: Disabled

Heap:
 garbage-first heap   total reserved 1536000K, committed 60416K, used 42160K [0x00000000a2400000, 0x0000000100000000)
  region size 1024K, 24 young (24576K), 4 survivors (4096K)

Heap Regions: E=young(eden), S=young(survivor), O=old, HS=humongous(starts), HC=humongous(continues), CS=collection set, F=free, TAMS=top-at-mark-start, PB=parsable bottom
|   0|0x00000000a2400000, 0x00000000a2500000, 0x00000000a2500000|100%|HS|  |TAMS 0x00000000a2400000| PB 0x00000000a2400000| Complete |  0
|   1|0x00000000a2500000, 0x00000000a2600000, 0x00000000a2600000|100%| O|  |TAMS 0x00000000a2500000| PB 0x00000000a2500000| Untracked |  0
|   2|0x00000000a2600000, 0x00000000a2700000, 0x00000000a2700000|100%| O|  |TAMS 0x00000000a2600000| PB 0x00000000a2600000| Untracked |  0
|   3|0x00000000a2700000, 0x00000000a2800000, 0x00000000a2800000|100%| O|  |TAMS 0x00000000a2700000| PB 0x00000000a2700000| Untracked |  0
|   4|0x00000000a2800000, 0x00000000a2900000, 0x00000000a2900000|100%| O|  |TAMS 0x00000000a2800000| PB 0x00000000a2800000| Untracked |  0
|   5|0x00000000a2900000, 0x00000000a2a00000, 0x00000000a2a00000|100%| O|  |TAMS 0x00000000a2900000| PB 0x00000000a2900000| Untracked |  0
|   6|0x00000000a2a00000, 0x00000000a2b00000, 0x00000000a2b00000|100%| O|  |TAMS 0x00000000a2a00000| PB 0x00000000a2a00000| Untracked |  0
|   7|0x00000000a2b00000, 0x00000000a2c00000, 0x00000000a2c00000|100%| O|  |TAMS 0x00000000a2b00000| PB 0x00000000a2b00000| Untracked |  0
|   8|0x00000000a2c00000, 0x00000000a2d00000, 0x00000000a2d00000|100%| O|  |TAMS 0x00000000a2c00000| PB 0x00000000a2c00000| Untracked |  0
|   9|0x00000000a2d00000, 0x00000000a2e00000, 0x00000000a2e00000|100%| O|  |TAMS 0x00000000a2d00000| PB 0x00000000a2d00000| Untracked |  0
|  10|0x00000000a2e00000, 0x00000000a2f00000, 0x00000000a2f00000|100%| O|  |TAMS 0x00000000a2e00000| PB 0x00000000a2e00000| Untracked |  0
|  11|0x00000000a2f00000, 0x00000000a2f00000, 0x00000000a3000000|  0%| F|  |TAMS 0x00000000a2f00000| PB 0x00000000a2f00000| Untracked |  0
|  12|0x00000000a3000000, 0x00000000a3100000, 0x00000000a3100000|100%| O|  |TAMS 0x00000000a3000000| PB 0x00000000a3000000| Untracked |  0
|  13|0x00000000a3100000, 0x00000000a3200000, 0x00000000a3200000|100%| O|  |TAMS 0x00000000a3100000| PB 0x00000000a3100000| Untracked |  0
|  14|0x00000000a3200000, 0x00000000a3300000, 0x00000000a3300000|100%| O|  |TAMS 0x00000000a3200000| PB 0x00000000a3200000| Untracked |  0
|  15|0x00000000a3300000, 0x00000000a3400000, 0x00000000a3400000|100%| O|  |TAMS 0x00000000a3300000| PB 0x00000000a3300000| Untracked |  0
|  16|0x00000000a3400000, 0x00000000a3500000, 0x00000000a3500000|100%| O|  |TAMS 0x00000000a3400000| PB 0x00000000a3400000| Untracked |  0
|  17|0x00000000a3500000, 0x00000000a3600000, 0x00000000a3600000|100%| O|  |TAMS 0x00000000a3500000| PB 0x00000000a3500000| Untracked |  0
|  18|0x00000000a3600000, 0x00000000a3700000, 0x00000000a3700000|100%| O|  |TAMS 0x00000000a3600000| PB 0x00000000a3600000| Untracked |  0
|  19|0x00000000a3700000, 0x00000000a37ae768, 0x00000000a3800000| 68%| O|  |TAMS 0x00000000a3700000| PB 0x00000000a3700000| Untracked |  0
|  20|0x00000000a3800000, 0x00000000a3800000, 0x00000000a3900000|  0%| F|  |TAMS 0x00000000a3800000| PB 0x00000000a3800000| Untracked |  0
|  21|0x00000000a3900000, 0x00000000a3900000, 0x00000000a3a00000|  0%| F|  |TAMS 0x00000000a3900000| PB 0x00000000a3900000| Untracked |  0
|  22|0x00000000a3a00000, 0x00000000a3a00000, 0x00000000a3b00000|  0%| F|  |TAMS 0x00000000a3a00000| PB 0x00000000a3a00000| Untracked |  0
|  23|0x00000000a3b00000, 0x00000000a3b00000, 0x00000000a3c00000|  0%| F|  |TAMS 0x00000000a3b00000| PB 0x00000000a3b00000| Untracked |  0
|  24|0x00000000a3c00000, 0x00000000a3c00000, 0x00000000a3d00000|  0%| F|  |TAMS 0x00000000a3c00000| PB 0x00000000a3c00000| Untracked |  0
|  25|0x00000000a3d00000, 0x00000000a3d00000, 0x00000000a3e00000|  0%| F|  |TAMS 0x00000000a3d00000| PB 0x00000000a3d00000| Untracked |  0
|  26|0x00000000a3e00000, 0x00000000a3e00000, 0x00000000a3f00000|  0%| F|  |TAMS 0x00000000a3e00000| PB 0x00000000a3e00000| Untracked |  0
|  27|0x00000000a3f00000, 0x00000000a3f00000, 0x00000000a4000000|  0%| F|  |TAMS 0x00000000a3f00000| PB 0x00000000a3f00000| Untracked |  0
|  28|0x00000000a4000000, 0x00000000a407daa8, 0x00000000a4100000| 49%| S|CS|TAMS 0x00000000a4000000| PB 0x00000000a4000000| Complete |  0
|  29|0x00000000a4100000, 0x00000000a4200000, 0x00000000a4200000|100%| S|CS|TAMS 0x00000000a4100000| PB 0x00000000a4100000| Complete |  0
|  30|0x00000000a4200000, 0x00000000a4300000, 0x00000000a4300000|100%| S|CS|TAMS 0x00000000a4200000| PB 0x00000000a4200000| Complete |  0
|  31|0x00000000a4300000, 0x00000000a4400000, 0x00000000a4400000|100%| S|CS|TAMS 0x00000000a4300000| PB 0x00000000a4300000| Complete |  0
|  32|0x00000000a4400000, 0x00000000a4400000, 0x00000000a4500000|  0%| F|  |TAMS 0x00000000a4400000| PB 0x00000000a4400000| Untracked |  0
|  33|0x00000000a4500000, 0x00000000a4500000, 0x00000000a4600000|  0%| F|  |TAMS 0x00000000a4500000| PB 0x00000000a4500000| Untracked |  0
|  34|0x00000000a4600000, 0x00000000a4600000, 0x00000000a4700000|  0%| F|  |TAMS 0x00000000a4600000| PB 0x00000000a4600000| Untracked |  0
|  35|0x00000000a4700000, 0x00000000a4700000, 0x00000000a4800000|  0%| F|  |TAMS 0x00000000a4700000| PB 0x00000000a4700000| Untracked |  0
|  36|0x00000000a4800000, 0x00000000a4800000, 0x00000000a4900000|  0%| F|  |TAMS 0x00000000a4800000| PB 0x00000000a4800000| Untracked |  0
|  37|0x00000000a4900000, 0x00000000a4900000, 0x00000000a4a00000|  0%| F|  |TAMS 0x00000000a4900000| PB 0x00000000a4900000| Untracked |  0
|  38|0x00000000a4a00000, 0x00000000a4b00000, 0x00000000a4b00000|100%| E|  |TAMS 0x00000000a4a00000| PB 0x00000000a4a00000| Complete |  0
|  39|0x00000000a4b00000, 0x00000000a4c00000, 0x00000000a4c00000|100%| E|CS|TAMS 0x00000000a4b00000| PB 0x00000000a4b00000| Complete |  0
|  40|0x00000000a4c00000, 0x00000000a4d00000, 0x00000000a4d00000|100%| E|CS|TAMS 0x00000000a4c00000| PB 0x00000000a4c00000| Complete |  0
|  41|0x00000000a4d00000, 0x00000000a4e00000, 0x00000000a4e00000|100%| E|CS|TAMS 0x00000000a4d00000| PB 0x00000000a4d00000| Complete |  0
|  42|0x00000000a4e00000, 0x00000000a4f00000, 0x00000000a4f00000|100%| E|CS|TAMS 0x00000000a4e00000| PB 0x00000000a4e00000| Complete |  0
|  43|0x00000000a4f00000, 0x00000000a5000000, 0x00000000a5000000|100%| E|CS|TAMS 0x00000000a4f00000| PB 0x00000000a4f00000| Complete |  0
|  44|0x00000000a5000000, 0x00000000a5100000, 0x00000000a5100000|100%| E|CS|TAMS 0x00000000a5000000| PB 0x00000000a5000000| Complete |  0
|  45|0x00000000a5100000, 0x00000000a5200000, 0x00000000a5200000|100%| E|CS|TAMS 0x00000000a5100000| PB 0x00000000a5100000| Complete |  0
|  46|0x00000000a5200000, 0x00000000a5300000, 0x00000000a5300000|100%| E|CS|TAMS 0x00000000a5200000| PB 0x00000000a5200000| Complete |  0
|  47|0x00000000a5300000, 0x00000000a5400000, 0x00000000a5400000|100%| E|CS|TAMS 0x00000000a5300000| PB 0x00000000a5300000| Complete |  0
|  48|0x00000000a5400000, 0x00000000a5500000, 0x00000000a5500000|100%| E|CS|TAMS 0x00000000a5400000| PB 0x00000000a5400000| Complete |  0
|  49|0x00000000a5500000, 0x00000000a5600000, 0x00000000a5600000|100%| E|CS|TAMS 0x00000000a5500000| PB 0x00000000a5500000| Complete |  0
|  50|0x00000000a5600000, 0x00000000a5700000, 0x00000000a5700000|100%| E|CS|TAMS 0x00000000a5600000| PB 0x00000000a5600000| Complete |  0
|  51|0x00000000a5700000, 0x00000000a5800000, 0x00000000a5800000|100%| E|CS|TAMS 0x00000000a5700000| PB 0x00000000a5700000| Complete |  0
|  52|0x00000000a5800000, 0x00000000a5900000, 0x00000000a5900000|100%| E|CS|TAMS 0x00000000a5800000| PB 0x00000000a5800000| Complete |  0
|  53|0x00000000a5900000, 0x00000000a5a00000, 0x00000000a5a00000|100%| E|CS|TAMS 0x00000000a5900000| PB 0x00000000a5900000| Complete |  0
|  78|0x00000000a7200000, 0x00000000a7300000, 0x00000000a7300000|100%| E|CS|TAMS 0x00000000a7200000| PB 0x00000000a7200000| Complete |  0
|  79|0x00000000a7300000, 0x00000000a7400000, 0x00000000a7400000|100%| E|CS|TAMS 0x00000000a7300000| PB 0x00000000a7300000| Complete |  0
|  93|0x00000000a8100000, 0x00000000a8200000, 0x00000000a8200000|100%| E|  |TAMS 0x00000000a8100000| PB 0x00000000a8100000| Complete |  0
|1498|0x00000000ffe00000, 0x00000000fff00000, 0x00000000fff00000|100%| O|  |TAMS 0x00000000ffe00000| PB 0x00000000ffe00000| Untracked |  0
|1499|0x00000000fff00000, 0x0000000100000000, 0x0000000100000000|100%| E|CS|TAMS 0x00000000fff00000| PB 0x00000000fff00000| Complete |  0

Card table byte_map: [0x0000011f22850000,0x0000011f22b40000] _byte_map_base: 0x0000011f2233e000

Marking Bits: (CMBitMap*) 0x0000011f167d5a80
 Bits: [0x0000011f22b40000, 0x0000011f242b0000)

Polling page: 0x0000011f14640000

Metaspace:
Metaspace        used 54556K, committed 54976K, reserved 1114112K
 class space     used 8063K, committed 8256K, reserved 1048576K

Usage:
  Non-class:     45.40 MB used.
      Class:      7.87 MB used.
       Both:     53.28 MB used.

Virtual space:
  Non-class space:       64.00 MB reserved,      45.62 MB ( 71%) committed,  1 nodes.
      Class space:        1.00 GB reserved,       8.06 MB ( <1%) committed,  1 nodes.
             Both:        1.06 GB reserved,      53.69 MB (  5%) committed. 

Chunk freelists:
   Non-Class:  2.11 MB
       Class:  7.94 MB
        Both:  10.05 MB

MaxMetaspaceSize: unlimited
CompressedClassSpaceSize: 1.00 GB
Initial GC threshold: 21.00 MB
Current GC threshold: 58.75 MB
CDS: on
 - commit_granule_bytes: 65536.
 - commit_granule_words: 8192.
 - virtual_space_node_default_size: 8388608.
 - enlarge_chunks_in_place: 1.
UseCompressedClassPointers 1, UseCompactObjectHeaders 0
Narrow klass pointer bits 32, Max shift 3
Narrow klass base: 0x000000002e000000, Narrow klass shift: 0
Encoding Range: [0x000000002e000000 - 0x000000012e000000), (4294967296 bytes)
Klass Range:    [0x000000002e010000 - 0x000000006f000000), (1090453504 bytes)
Klass ID Range:  [65536 - 1090519033) (1090453497)
Protection zone: [0x000000002e000000 - 0x000000002e010000), (65536 bytes)


Internal statistics:

num_allocs_failed_limit: 6.
num_arena_births: 602.
num_arena_deaths: 0.
num_vsnodes_births: 2.
num_vsnodes_deaths: 0.
num_space_committed: 859.
num_space_uncommitted: 0.
num_chunks_returned_to_freelist: 6.
num_chunks_taken_from_freelist: 2541.
num_chunk_merges: 6.
num_chunk_splits: 1858.
num_chunks_enlarged: 1516.
num_inconsistent_stats: 0.

CodeCache: size=49152Kb used=7049Kb max_used=7595Kb free=42102Kb
 bounds [0x0000011f1f010000, 0x0000011f1f780000, 0x0000011f22010000]
 total_blobs=5911, nmethods=5211, adapters=624, full_count=0
Compilation: enabled, stopped_count=0, restarted_count=0

Compilation events (20 events):
Event: 14.767 Thread 0x0000011f26f5e180 5235       1       org.springframework.core.convert.support.GenericConversionService$Converters::addInterfacesToClassHierarchy (51 bytes)
Event: 14.768 Thread 0x0000011f26f5e180 nmethod 5235 0x0000011f1f778388 code [0x0000011f1f778480, 0x0000011f1f7787f8]
Event: 14.770 Thread 0x0000011f26f5e180 5236       1       org.springframework.core.annotation.AnnotationUtils::isCandidateClass (41 bytes)
Event: 14.771 Thread 0x0000011f26f5e180 nmethod 5236 0x0000011f1f778808 code [0x0000011f1f778900, 0x0000011f1f778c40]
Event: 14.771 Thread 0x0000011f26f5e180 5237       1       org.springframework.beans.factory.support.AbstractBeanFactory::isPrototypeCurrentlyInCreation (48 bytes)
Event: 14.771 Thread 0x0000011f26f5e180 nmethod 5237 0x0000011f1f778c88 code [0x0000011f1f778d80, 0x0000011f1f778fd8]
Event: 14.775 Thread 0x0000011f26f5e180 5238       1       org.springframework.core.MethodClassKey::equals (51 bytes)
Event: 14.775 Thread 0x0000011f26f5e180 nmethod 5238 0x0000011f1f779008 code [0x0000011f1f779100, 0x0000011f1f7792e0]
Event: 14.777 Thread 0x0000011f26f5e180 5239       1       jdk.internal.classfile.impl.DirectCodeBuilder$DeferredLabel::<init> (26 bytes)
Event: 14.777 Thread 0x0000011f26ed32f0 5240       1       jdk.internal.classfile.impl.DirectCodeBuilder::addLabel (53 bytes)
Event: 14.777 Thread 0x0000011f26f5e180 nmethod 5239 0x0000011f1f779308 code [0x0000011f1f779400, 0x0000011f1f779518]
Event: 14.777 Thread 0x0000011f26ed32f0 nmethod 5240 0x0000011f1f779608 code [0x0000011f1f779700, 0x0000011f1f7799c0]
Event: 14.778 Thread 0x0000011f26ed32f0 5241       1       org.springframework.util.ReflectionUtils::isCglibRenamedMethod (81 bytes)
Event: 14.779 Thread 0x0000011f26ed32f0 nmethod 5241 0x0000011f1f779a08 code [0x0000011f1f779b00, 0x0000011f1f779f18]
Event: 14.780 Thread 0x0000011f26ed32f0 5242       1       org.springframework.aop.support.AopUtils::canApply (210 bytes)
Event: 15.756 Thread 0x0000011f26ed32f0 nmethod 5242 0x0000011f1f779f88 code [0x0000011f1f77a0a0, 0x0000011f1f77acf8]
Event: 15.756 Thread 0x0000011f26ed32f0 5244       1       java.lang.invoke.BoundMethodHandle$Species_LL::copyWith (24 bytes)
Event: 15.757 Thread 0x0000011f26ed32f0 nmethod 5244 0x0000011f1f1c4088 code [0x0000011f1f1c4180, 0x0000011f1f1c4308]
Event: 15.758 Thread 0x0000011f26ed32f0 5245       1       org.springframework.core.convert.TypeDescriptor::annotationsMatch (66 bytes)
Event: 15.759 Thread 0x0000011f26ed32f0 nmethod 5245 0x0000011f1f1c3b08 code [0x0000011f1f1c3c00, 0x0000011f1f1c4020]

GC Heap Usage History (16 events):
Event: 1.668 {heap Before GC invocations=0 (full 0):
 garbage-first heap   total reserved 1536000K, committed 98304K, used 50325K [0x00000000a2400000, 0x0000000100000000)
  region size 1024K, 47 young (48128K), 0 survivors (0K)
}
Event: 1.685 {heap After GC invocations=1 (full 0):
 garbage-first heap   total reserved 1536000K, committed 98304K, used 9342K [0x00000000a2400000, 0x0000000100000000)
  region size 1024K, 6 young (6144K), 6 survivors (6144K)
}
Event: 2.598 {heap Before GC invocations=1 (full 0):
 garbage-first heap   total reserved 1536000K, committed 98304K, used 48254K [0x00000000a2400000, 0x0000000100000000)
  region size 1024K, 45 young (46080K), 6 survivors (6144K)
}
Event: 2.604 {heap After GC invocations=2 (full 0):
 garbage-first heap   total reserved 1536000K, committed 98304K, used 13667K [0x00000000a2400000, 0x0000000100000000)
  region size 1024K, 5 young (5120K), 5 survivors (5120K)
}
Event: 2.893 {heap Before GC invocations=2 (full 0):
 garbage-first heap   total reserved 1536000K, committed 98304K, used 26979K [0x00000000a2400000, 0x0000000100000000)
  region size 1024K, 19 young (19456K), 5 survivors (5120K)
}
Event: 2.897 {heap After GC invocations=3 (full 0):
 garbage-first heap   total reserved 1536000K, committed 98304K, used 14909K [0x00000000a2400000, 0x0000000100000000)
  region size 1024K, 2 young (2048K), 2 survivors (2048K)
}
Event: 3.749 {heap Before GC invocations=4 (full 0):
 garbage-first heap   total reserved 1536000K, committed 55296K, used 53821K [0x00000000a2400000, 0x0000000100000000)
  region size 1024K, 40 young (40960K), 2 survivors (2048K)
}
Event: 3.755 {heap After GC invocations=5 (full 0):
 garbage-first heap   total reserved 1536000K, committed 60416K, used 18050K [0x00000000a2400000, 0x0000000100000000)
  region size 1024K, 5 young (5120K), 5 survivors (5120K)
}
Event: 4.429 {heap Before GC invocations=5 (full 0):
 garbage-first heap   total reserved 1536000K, committed 60416K, used 44674K [0x00000000a2400000, 0x0000000100000000)
  region size 1024K, 31 young (31744K), 5 survivors (5120K)
}
Event: 4.435 {heap After GC invocations=6 (full 0):
 garbage-first heap   total reserved 1536000K, committed 60416K, used 19767K [0x00000000a2400000, 0x0000000100000000)
  region size 1024K, 2 young (2048K), 2 survivors (2048K)
}
Event: 4.932 {heap Before GC invocations=6 (full 0):
 garbage-first heap   total reserved 1536000K, committed 60416K, used 36151K [0x00000000a2400000, 0x0000000100000000)
  region size 1024K, 20 young (20480K), 2 survivors (2048K)
}
Event: 4.935 {heap After GC invocations=7 (full 0):
 garbage-first heap   total reserved 1536000K, committed 60416K, used 20608K [0x00000000a2400000, 0x0000000100000000)
  region size 1024K, 3 young (3072K), 3 survivors (3072K)
}
Event: 6.342 {heap Before GC invocations=8 (full 0):
 garbage-first heap   total reserved 1536000K, committed 60416K, used 47232K [0x00000000a2400000, 0x0000000100000000)
  region size 1024K, 30 young (30720K), 3 survivors (3072K)
}
Event: 6.345 {heap After GC invocations=9 (full 0):
 garbage-first heap   total reserved 1536000K, committed 60416K, used 22791K [0x00000000a2400000, 0x0000000100000000)
  region size 1024K, 4 young (4096K), 4 survivors (4096K)
}
Event: 7.350 {heap Before GC invocations=9 (full 0):
 garbage-first heap   total reserved 1536000K, committed 60416K, used 48391K [0x00000000a2400000, 0x0000000100000000)
  region size 1024K, 30 young (30720K), 4 survivors (4096K)
}
Event: 7.353 {heap After GC invocations=10 (full 0):
 garbage-first heap   total reserved 1536000K, committed 60416K, used 23728K [0x00000000a2400000, 0x0000000100000000)
  region size 1024K, 4 young (4096K), 4 survivors (4096K)
}

Metaspace Usage History (16 events):
Event: 1.668 {metaspace Before GC invocations=0 (full 0):
 Metaspace       used 11295K, committed 11520K, reserved 1114112K
  class space    used 1567K, committed 1664K, reserved 1048576K
}
Event: 1.686 {metaspace After GC invocations=1 (full 0):
 Metaspace       used 11295K, committed 11520K, reserved 1114112K
  class space    used 1567K, committed 1664K, reserved 1048576K
}
Event: 2.598 {metaspace Before GC invocations=1 (full 0):
 Metaspace       used 19792K, committed 20096K, reserved 1114112K
  class space    used 2672K, committed 2816K, reserved 1048576K
}
Event: 2.604 {metaspace After GC invocations=2 (full 0):
 Metaspace       used 19792K, committed 20096K, reserved 1114112K
  class space    used 2672K, committed 2816K, reserved 1048576K
}
Event: 2.893 {metaspace Before GC invocations=2 (full 0):
 Metaspace       used 21248K, committed 21504K, reserved 1114112K
  class space    used 2878K, committed 3008K, reserved 1048576K
}
Event: 2.897 {metaspace After GC invocations=3 (full 0):
 Metaspace       used 21248K, committed 21504K, reserved 1114112K
  class space    used 2878K, committed 3008K, reserved 1048576K
}
Event: 3.749 {metaspace Before GC invocations=4 (full 0):
 Metaspace       used 26322K, committed 26752K, reserved 1114112K
  class space    used 3732K, committed 3904K, reserved 1048576K
}
Event: 3.755 {metaspace After GC invocations=5 (full 0):
 Metaspace       used 26322K, committed 26752K, reserved 1114112K
  class space    used 3732K, committed 3904K, reserved 1048576K
}
Event: 4.429 {metaspace Before GC invocations=5 (full 0):
 Metaspace       used 30922K, committed 31360K, reserved 1114112K
  class space    used 4353K, committed 4544K, reserved 1048576K
}
Event: 4.435 {metaspace After GC invocations=6 (full 0):
 Metaspace       used 30922K, committed 31360K, reserved 1114112K
  class space    used 4353K, committed 4544K, reserved 1048576K
}
Event: 4.932 {metaspace Before GC invocations=6 (full 0):
 Metaspace       used 35572K, committed 35968K, reserved 1114112K
  class space    used 5161K, committed 5312K, reserved 1048576K
}
Event: 4.935 {metaspace After GC invocations=7 (full 0):
 Metaspace       used 35572K, committed 35968K, reserved 1114112K
  class space    used 5161K, committed 5312K, reserved 1048576K
}
Event: 6.342 {metaspace Before GC invocations=8 (full 0):
 Metaspace       used 42764K, committed 43200K, reserved 1114112K
  class space    used 6122K, committed 6336K, reserved 1048576K
}
Event: 6.345 {metaspace After GC invocations=9 (full 0):
 Metaspace       used 42764K, committed 43200K, reserved 1114112K
  class space    used 6122K, committed 6336K, reserved 1048576K
}
Event: 7.350 {metaspace Before GC invocations=9 (full 0):
 Metaspace       used 50434K, committed 50944K, reserved 1114112K
  class space    used 7485K, committed 7680K, reserved 1048576K
}
Event: 7.353 {metaspace After GC invocations=10 (full 0):
 Metaspace       used 50434K, committed 50944K, reserved 1114112K
  class space    used 7485K, committed 7680K, reserved 1048576K
}

Dll operation events (12 events):
Event: 0.031 Loaded shared library C:\Program Files\Java\jdk-25.0.2\bin\java.dll
Event: 0.200 Loaded shared library C:\Program Files\Java\jdk-25.0.2\bin\zip.dll
Event: 0.204 Loaded shared library C:\Program Files\Java\jdk-25.0.2\bin\instrument.dll
Event: 0.209 Loaded shared library C:\Program Files\Java\jdk-25.0.2\bin\net.dll
Event: 0.212 Loaded shared library C:\Program Files\Java\jdk-25.0.2\bin\nio.dll
Event: 0.216 Loaded shared library C:\Program Files\Java\jdk-25.0.2\bin\zip.dll
Event: 0.288 Loaded shared library C:\Program Files\Java\jdk-25.0.2\bin\jimage.dll
Event: 0.382 Loaded shared library C:\Program Files\Java\jdk-25.0.2\bin\extnet.dll
Event: 0.422 Loaded shared library C:\Program Files\Java\jdk-25.0.2\bin\management.dll
Event: 0.441 Loaded shared library C:\Program Files\Java\jdk-25.0.2\bin\management_ext.dll
Event: 2.319 Loaded shared library C:\Program Files\Java\jdk-25.0.2\bin\sunmscapi.dll
Event: 4.603 Loaded shared library C:\Program Files\Java\jdk-25.0.2\bin\verify.dll

Deoptimization events (4 events):
Event: 3.292 Thread 0x0000011f2c091d70 DEOPT PACKING pc=0x0000011f1f361d2c sp=0x0000001320dfc470
Event: 3.292 Thread 0x0000011f2c091d70 DEOPT UNPACKING pc=0x0000011f1f061702 sp=0x0000001320dfb968 mode 0
Event: 3.427 Thread 0x0000011f2c091d70 DEOPT PACKING pc=0x0000011f1f577d5c sp=0x0000001320dfce10
Event: 3.427 Thread 0x0000011f2c091d70 DEOPT UNPACKING pc=0x0000011f1f061702 sp=0x0000001320dfc2c8 mode 0

Classes loaded (20 events):
Event: 6.314 Loading class java/util/concurrent/CompletableFuture$AsynchronousCompletionTask done
Event: 6.314 Loading class java/util/concurrent/CompletableFuture$Completion done
Event: 6.371 Loading class java/util/concurrent/CancellationException
Event: 6.371 Loading class java/util/concurrent/CancellationException done
Event: 6.860 Loading class java/util/ArrayList$ListItr
Event: 6.860 Loading class java/util/ArrayList$ListItr done
Event: 6.925 Loading class java/util/AbstractList$SubList
Event: 6.925 Loading class java/util/AbstractList$SubList done
Event: 7.035 Loading class java/lang/reflect/AnnotatedArrayType
Event: 7.036 Loading class java/lang/reflect/AnnotatedArrayType done
Event: 7.068 Loading class java/lang/reflect/AnnotatedParameterizedType
Event: 7.068 Loading class java/lang/reflect/AnnotatedParameterizedType done
Event: 7.093 Loading class java/lang/reflect/ReflectPermission
Event: 7.093 Loading class java/lang/reflect/ReflectPermission done
Event: 11.829 Loading class javax/naming/Reference
Event: 11.829 Loading class javax/naming/Reference done
Event: 14.773 Loading class java/lang/SafeVarargs
Event: 14.774 Loading class java/lang/SafeVarargs done
Event: 14.776 Loading class sun/reflect/generics/reflectiveObjects/GenericArrayTypeImpl
Event: 14.776 Loading class sun/reflect/generics/reflectiveObjects/GenericArrayTypeImpl done

Classes unloaded (0 events):
No events

Classes redefined (0 events):
No events

Internal exceptions (20 events):
Event: 7.356 Thread 0x0000011f2c091d70 Exception <a 'java/lang/NoSuchMethodError'{0x00000000fff1d9d8}: 'void java.lang.invoke.DirectMethodHandle$Holder.invokeInterface(java.lang.Object, java.lang.Object, int, java.lang.Object)'> (0x00000000fff1d9d8) 
thrown [s\open\src\hotspot\share\interpreter\linkResolver.cpp, line 804]
Event: 7.361 Thread 0x0000011f2c091d70 Exception <a 'java/lang/NoSuchMethodError'{0x00000000fff55bf8}: 'java.lang.Object java.lang.invoke.DirectMethodHandle$Holder.newInvokeSpecial(java.lang.Object, java.lang.Object, int, java.lang.Object)'> (0x00000000fff55bf8) 
thrown [s\open\src\hotspot\share\interpreter\linkResolver.cpp, line 804]
Event: 7.361 Thread 0x0000011f2c091d70 Exception <a 'java/lang/NoSuchMethodError'{0x00000000fff5de80}: 'java.lang.Object java.lang.invoke.Invokers$Holder.linkToTargetMethod(java.lang.Object, int, java.lang.Object, java.lang.Object)'> (0x00000000fff5de80) 
thrown [s\open\src\hotspot\share\interpreter\linkResolver.cpp, line 804]
Event: 7.396 Thread 0x0000011f2c091d70 Exception <a 'java/lang/NoSuchMethodError'{0x00000000a812b390}: 'void java.lang.invoke.DirectMethodHandle$Holder.invokeSpecial(java.lang.Object, java.lang.Object, java.lang.Object, java.lang.Object, java.lang.Object, java.lang.Object, java.lang.Object, java.lang.Object)'> (0x00000000a812b390) 
thrown [s\open\src\hotspot\share\interpreter\linkResolver.cpp, line 804]
Event: 7.405 Thread 0x0000011f2c091d70 Exception <a 'java/lang/NoSuchMethodError'{0x00000000a8174650}: 'void java.lang.invoke.DirectMethodHandle$Holder.invokeSpecial(java.lang.Object, java.lang.Object, int, java.lang.Object)'> (0x00000000a8174650) 
thrown [s\open\src\hotspot\share\interpreter\linkResolver.cpp, line 804]
Event: 7.406 Thread 0x0000011f2c091d70 Exception <a 'java/lang/NoSuchMethodError'{0x00000000a8184470}: 'java.lang.Object java.lang.invoke.DirectMethodHandle$Holder.newInvokeSpecial(java.lang.Object, java.lang.Object, int)'> (0x00000000a8184470) 
thrown [s\open\src\hotspot\share\interpreter\linkResolver.cpp, line 804]
Event: 7.451 Thread 0x0000011f2c091d70 Exception <a 'java/lang/NoSuchMethodError'{0x00000000a73cd808}: 'int java.lang.invoke.DirectMethodHandle$Holder.invokeStatic(java.lang.Object, int, java.lang.Object)'> (0x00000000a73cd808) 
thrown [s\open\src\hotspot\share\interpreter\linkResolver.cpp, line 804]
Event: 7.454 Thread 0x0000011f2c091d70 Exception <a 'java/lang/NoSuchMethodError'{0x00000000a73f3250}: 'java.lang.Object java.lang.invoke.DirectMethodHandle$Holder.newInvokeSpecial(java.lang.Object, java.lang.Object, java.lang.Object, java.lang.Object, java.lang.Object, int, java.lang.Object)'> (0x00000000a73f3250) 
thrown [s\open\src\hotspot\share\interpreter\linkResolver.cpp, line 804]
Event: 7.460 Thread 0x0000011f2c091d70 Exception <a 'java/lang/NoSuchMethodError'{0x00000000a7243dc0}: 'java.lang.Object java.lang.invoke.DirectMethodHandle$Holder.newInvokeSpecial(java.lang.Object, java.lang.Object, java.lang.Object, java.lang.Object, java.lang.Object, java.lang.Object, java.lang.Object, java.lang.Object, java.lang.Object, java.lang.Object, java.lang.Object, java.lang.Object)'> (0x00000000a7243dc0) 
thrown [s\open\src\hotspot\share\interpreter\linkResolver.cpp, line 804]
Event: 7.461 Thread 0x0000011f2c091d70 Exception <a 'java/lang/NoSuchMethodError'{0x00000000a724dc58}: 'java.lang.Object java.lang.invoke.Invokers$Holder.linkToTargetMethod(java.lang.Object, java.lang.Object, java.lang.Object, java.lang.Object, java.lang.Object, java.lang.Object, java.lang.Object, java.lang.Object, java.lang.Object, java.lang.Object, java.lang.Object, java.lang.Object)'> (0x00000000a724dc58) 
thrown [s\open\src\hotspot\share\interpreter\linkResolver.cpp, line 804]
Event: 7.521 Thread 0x0000011f2c091d70 Exception <a 'java/lang/IncompatibleClassChangeError'{0x00000000a59d7910}: Found class java.lang.Object, but interface was expected> (0x00000000a59d7910) 
thrown [s\open\src\hotspot\share\interpreter\linkResolver.cpp, line 871]
Event: 7.542 Thread 0x0000011f2c091d70 Exception <a 'java/lang/NoSuchMethodError'{0x00000000a5864448}: 'java.lang.Object java.lang.invoke.DirectMethodHandle$Holder.newInvokeSpecial(java.lang.Object, java.lang.Object, java.lang.Object, java.lang.Object, java.lang.Object, java.lang.Object, java.lang.Object, int)'> (0x00000000a5864448) 
thrown [s\open\src\hotspot\share\interpreter\linkResolver.cpp, line 804]
Event: 7.542 Thread 0x0000011f2c091d70 Exception <a 'java/lang/NoSuchMethodError'{0x00000000a586db58}: 'java.lang.Object java.lang.invoke.DirectMethodHandle$Holder.invokeSpecial(java.lang.Object, java.lang.Object, java.lang.Object, java.lang.Object, java.lang.Object, java.lang.Object, java.lang.Object, java.lang.Object, int)'> (0x00000000a586db58) 
thrown [s\open\src\hotspot\share\interpreter\linkResolver.cpp, line 804]
Event: 7.542 Thread 0x0000011f2c091d70 Exception <a 'java/lang/NoSuchMethodError'{0x00000000a5876700}: 'java.lang.Object java.lang.invoke.Invokers$Holder.linkToTargetMethod(java.lang.Object, java.lang.Object, java.lang.Object, java.lang.Object, java.lang.Object, java.lang.Object, int, java.lang.Object)'> (0x00000000a5876700) 
thrown [s\open\src\hotspot\share\interpreter\linkResolver.cpp, line 804]
Event: 7.576 Thread 0x0000011f2c091d70 Exception <a 'java/lang/NoSuchMethodError'{0x00000000a5757b60}: 'java.lang.Object java.lang.invoke.DirectMethodHandle$Holder.newInvokeSpecial(java.lang.Object, java.lang.Object, int, java.lang.Object, int, java.lang.Object, java.lang.Object)'> (0x00000000a5757b60) 
thrown [s\open\src\hotspot\share\interpreter\linkResolver.cpp, line 804]
Event: 7.581 Thread 0x0000011f2c091d70 Exception <a 'java/lang/NoSuchMethodError'{0x00000000a57899b8}: 'void java.lang.invoke.DirectMethodHandle$Holder.invokeInterface(java.lang.Object, java.lang.Object)'> (0x00000000a57899b8) 
thrown [s\open\src\hotspot\share\interpreter\linkResolver.cpp, line 804]
Event: 10.862 Thread 0x0000011f2c091d70 Exception <a 'java/lang/NoSuchMethodError'{0x00000000a5226140}: 'java.lang.Object java.lang.invoke.DirectMethodHandle$Holder.invokeSpecial(java.lang.Object, java.lang.Object, int, java.lang.Object, int)'> (0x00000000a5226140) 
thrown [s\open\src\hotspot\share\interpreter\linkResolver.cpp, line 804]
Event: 10.862 Thread 0x0000011f2c091d70 Exception <a 'java/lang/NoSuchMethodError'{0x00000000a522ec38}: 'java.lang.Object java.lang.invoke.DirectMethodHandle$Holder.invokeSpecial(java.lang.Object, java.lang.Object, java.lang.Object, int, java.lang.Object, int)'> (0x00000000a522ec38) 
thrown [s\open\src\hotspot\share\interpreter\linkResolver.cpp, line 804]
Event: 10.862 Thread 0x0000011f2c091d70 Exception <a 'java/lang/NoSuchMethodError'{0x00000000a5237158}: 'java.lang.Object java.lang.invoke.DelegatingMethodHandle$Holder.reinvoke_L(java.lang.Object, java.lang.Object, int, java.lang.Object, int)'> (0x00000000a5237158) 
thrown [s\open\src\hotspot\share\interpreter\linkResolver.cpp, line 804]
Event: 12.756 Thread 0x0000011f2c091d70 Exception <a 'java/lang/NoSuchMethodError'{0x00000000a517c0c0}: 'void java.lang.invoke.Invokers$Holder.invokeExact_MT(java.lang.Object, java.lang.Object, java.lang.Object, java.lang.Object)'> (0x00000000a517c0c0) 
thrown [s\open\src\hotspot\share\interpreter\linkResolver.cpp, line 804]

VM Operations (20 events):
Event: 4.946 Executing safepoint VM operation: G1PauseRemark
Event: 4.948 Executing safepoint VM operation: G1PauseRemark done
Event: 4.952 Executing safepoint VM operation: G1PauseCleanup
Event: 4.952 Executing safepoint VM operation: G1PauseCleanup done
Event: 5.328 Executing non-safepoint VM operation: HandshakeAllThreads (Deoptimize)
Event: 5.328 Executing non-safepoint VM operation: HandshakeAllThreads (Deoptimize) done
Event: 5.336 Executing non-safepoint VM operation: HandshakeAllThreads (Deoptimize)
Event: 5.336 Executing non-safepoint VM operation: HandshakeAllThreads (Deoptimize) done
Event: 5.358 Executing non-safepoint VM operation: HandshakeAllThreads (Deoptimize)
Event: 5.358 Executing non-safepoint VM operation: HandshakeAllThreads (Deoptimize) done
Event: 6.342 Executing safepoint VM operation: G1CollectForAllocation (G1 Evacuation Pause)
Event: 6.345 Executing safepoint VM operation: G1CollectForAllocation (G1 Evacuation Pause) done
Event: 6.855 Executing non-safepoint VM operation: HandshakeAllThreads (Deoptimize)
Event: 6.855 Executing non-safepoint VM operation: HandshakeAllThreads (Deoptimize) done
Event: 6.861 Executing non-safepoint VM operation: HandshakeAllThreads (Deoptimize)
Event: 6.861 Executing non-safepoint VM operation: HandshakeAllThreads (Deoptimize) done
Event: 6.903 Executing non-safepoint VM operation: HandshakeAllThreads (Deoptimize)
Event: 6.903 Executing non-safepoint VM operation: HandshakeAllThreads (Deoptimize) done
Event: 7.350 Executing safepoint VM operation: G1CollectForAllocation (G1 Evacuation Pause)
Event: 7.354 Executing safepoint VM operation: G1CollectForAllocation (G1 Evacuation Pause) done

Memory protections (0 events):
No events

Nmethod flushes (20 events):
Event: 4.947 Thread 0x0000011f26ea4230 flushing  nmethod 0x0000011f1f2a6908
Event: 4.947 Thread 0x0000011f26ea4230 flushing  nmethod 0x0000011f1f2a8408
Event: 4.947 Thread 0x0000011f26ea4230 flushing  nmethod 0x0000011f1f3e2a08
Event: 4.947 Thread 0x0000011f26ea4230 flushing  nmethod 0x0000011f1f136c08
Event: 4.947 Thread 0x0000011f26ea4230 flushing  nmethod 0x0000011f1f207e88
Event: 4.947 Thread 0x0000011f26ea4230 flushing  nmethod 0x0000011f1f220208
Event: 4.947 Thread 0x0000011f26ea4230 flushing  nmethod 0x0000011f1f232d08
Event: 4.947 Thread 0x0000011f26ea4230 flushing  nmethod 0x0000011f1f233088
Event: 4.947 Thread 0x0000011f26ea4230 flushing  nmethod 0x0000011f1f233408
Event: 4.947 Thread 0x0000011f26ea4230 flushing  nmethod 0x0000011f1f298e08
Event: 4.947 Thread 0x0000011f26ea4230 flushing  nmethod 0x0000011f1f29bd08
Event: 4.947 Thread 0x0000011f26ea4230 flushing  nmethod 0x0000011f1f3f3088
Event: 4.947 Thread 0x0000011f26ea4230 flushing  nmethod 0x0000011f1f51ed08
Event: 4.947 Thread 0x0000011f26ea4230 flushing  nmethod 0x0000011f1f1ef108
Event: 4.947 Thread 0x0000011f26ea4230 flushing  nmethod 0x0000011f1f1ef488
Event: 4.947 Thread 0x0000011f26ea4230 flushing  nmethod 0x0000011f1f1f0d08
Event: 4.947 Thread 0x0000011f26ea4230 flushing  nmethod 0x0000011f1f29c308
Event: 4.947 Thread 0x0000011f26ea4230 flushing  nmethod 0x0000011f1f29f708
Event: 4.947 Thread 0x0000011f26ea4230 flushing  nmethod 0x0000011f1f2e6108
Event: 4.947 Thread 0x0000011f26ea4230 flushing  nmethod 0x0000011f1f2e6408

Events (20 events):
Event: 0.370 Thread 0x0000011f1678b110 Thread added: 0x0000011f2b3dbfa0
Event: 0.371 Thread 0x0000011f1678b110 Thread added: 0x0000011f2b3dc760
Event: 0.709 Thread 0x0000011f26ec4d40 Thread added: 0x0000011f2bb29e90
Event: 0.831 Thread 0x0000011f2bb29e90 Thread added: 0x0000011f2bbceba0
Event: 0.893 Thread 0x0000011f2bbceba0 Thread added: 0x0000011f2bbe13f0
Event: 0.907 Thread 0x0000011f2bbceba0 Thread added: 0x0000011f2bc2f810
Event: 1.073 Thread 0x0000011f1678b110 Thread added: 0x0000011f2c082210
Event: 1.084 Thread 0x0000011f2c082210 Thread added: 0x0000011f2c091d70
Event: 1.647 Thread 0x0000011f2c091d70 Thread added: 0x0000011f2c2270b0
Event: 2.323 Thread 0x0000011f2c2270b0 Thread exited: 0x0000011f2c2270b0
Event: 2.348 Thread 0x0000011f2c091d70 Thread added: 0x0000011f2c226110
Event: 2.453 Thread 0x0000011f2c226110 Thread exited: 0x0000011f2c226110
Event: 4.040 Thread 0x0000011f2c091d70 Thread added: 0x0000011f2cc1bfb0
Event: 4.040 Thread 0x0000011f2cc1bfb0 Thread added: 0x0000011f2cc1cf50
Event: 4.046 Thread 0x0000011f2c091d70 Thread added: 0x0000011f2cc1b010
Event: 5.542 Thread 0x0000011f2c091d70 Thread added: 0x0000011f2cc1def0
Event: 5.669 Thread 0x0000011f2c091d70 Thread added: 0x0000011f2cc1e6c0
Event: 5.773 Thread 0x0000011f2cc1e6c0 Thread added: 0x0000011f2cc1f660
Event: 11.669 Thread 0x0000011f2cc1f660 Thread exited: 0x0000011f2cc1f660
Event: 15.756 Thread 0x0000011f26f5e180 Thread exited: 0x0000011f26f5e180


Dynamic libraries:
0x00007ff602450000 - 0x00007ff602460000 	C:\Program Files\Java\jdk-25.0.2\bin\java.exe
0x00007ff898cc0000 - 0x00007ff898f27000 	C:\WINDOWS\SYSTEM32\ntdll.dll
0x00007ff897450000 - 0x00007ff897519000 	C:\WINDOWS\System32\KERNEL32.DLL
0x00007ff8962e0000 - 0x00007ff8966d1000 	C:\WINDOWS\System32\KERNELBASE.dll
0x00007ff8955a0000 - 0x00007ff8956eb000 	C:\WINDOWS\System32\ucrtbase.dll
0x00007ff88c9b0000 - 0x00007ff88c9ce000 	C:\Program Files\Java\jdk-25.0.2\bin\VCRUNTIME140.dll
0x00007ff88c780000 - 0x00007ff88c797000 	C:\Program Files\Java\jdk-25.0.2\bin\jli.dll
0x00007ff898180000 - 0x00007ff898345000 	C:\WINDOWS\System32\USER32.dll
0x00007ff896a30000 - 0x00007ff896a57000 	C:\WINDOWS\System32\win32u.dll
0x00007ff87fc80000 - 0x00007ff87ff13000 	C:\WINDOWS\WinSxS\amd64_microsoft.windows.common-controls_6595b64144ccf1df_6.0.26100.8037_none_3e092faae333b53b\COMCTL32.dll
0x00007ff897290000 - 0x00007ff8972bb000 	C:\WINDOWS\System32\GDI32.dll
0x00007ff8977a0000 - 0x00007ff897849000 	C:\WINDOWS\System32\msvcrt.dll
0x00007ff8966e0000 - 0x00007ff89680b000 	C:\WINDOWS\System32\gdi32full.dll
0x00007ff895780000 - 0x00007ff895823000 	C:\WINDOWS\System32\msvcp_win.dll
0x00007ff896ac0000 - 0x00007ff896af1000 	C:\WINDOWS\System32\IMM32.DLL
0x00007ff88c980000 - 0x00007ff88c98c000 	C:\Program Files\Java\jdk-25.0.2\bin\vcruntime140_1.dll
0x00007ff885190000 - 0x00007ff88521d000 	C:\Program Files\Java\jdk-25.0.2\bin\msvcp140.dll
0x00007ff809a40000 - 0x00007ff80a89f000 	C:\Program Files\Java\jdk-25.0.2\bin\server\jvm.dll
0x00007ff896ec0000 - 0x00007ff896f7b000 	C:\WINDOWS\System32\ADVAPI32.dll
0x00007ff8973a0000 - 0x00007ff897447000 	C:\WINDOWS\System32\sechost.dll
0x00007ff896da0000 - 0x00007ff896eb8000 	C:\WINDOWS\System32\RPCRT4.dll
0x00007ff896cb0000 - 0x00007ff896d24000 	C:\WINDOWS\System32\WS2_32.dll
0x00007ff88cfc0000 - 0x00007ff88cff5000 	C:\WINDOWS\SYSTEM32\WINMM.dll
0x00007ff895400000 - 0x00007ff89545e000 	C:\WINDOWS\SYSTEM32\POWRPROF.dll
0x00007ff88e6f0000 - 0x00007ff88e6fb000 	C:\WINDOWS\SYSTEM32\VERSION.dll
0x00007ff8953e0000 - 0x00007ff8953f4000 	C:\WINDOWS\SYSTEM32\UMPDC.dll
0x00007ff894330000 - 0x00007ff89434b000 	C:\WINDOWS\SYSTEM32\kernel.appcore.dll
0x00007ff88c910000 - 0x00007ff88c91a000 	C:\Program Files\Java\jdk-25.0.2\bin\jimage.dll
0x00007ff893560000 - 0x00007ff8937a2000 	C:\WINDOWS\SYSTEM32\DBGHELP.DLL
0x00007ff8988e0000 - 0x00007ff898c62000 	C:\WINDOWS\System32\combase.dll
0x00007ff8972c0000 - 0x00007ff897397000 	C:\WINDOWS\System32\OLEAUT32.dll
0x00007ff8740b0000 - 0x00007ff8740eb000 	C:\WINDOWS\SYSTEM32\dbgcore.DLL
0x00007ff896810000 - 0x00007ff8968b5000 	C:\WINDOWS\System32\bcryptPrimitives.dll
0x00007ff88c270000 - 0x00007ff88c280000 	C:\Program Files\Java\jdk-25.0.2\bin\instrument.dll
0x00007ff88c280000 - 0x00007ff88c29f000 	C:\Program Files\Java\jdk-25.0.2\bin\java.dll
0x00007ff896b10000 - 0x00007ff896ca5000 	C:\WINDOWS\System32\ole32.dll
0x00007ff897850000 - 0x00007ff897faf000 	C:\WINDOWS\System32\SHELL32.dll
0x00007ff8968c0000 - 0x00007ff896a2a000 	C:\WINDOWS\System32\wintypes.dll
0x00007ff8959b0000 - 0x00007ff896214000 	C:\WINDOWS\System32\windows.storage.dll
0x00007ff8987e0000 - 0x00007ff8988d7000 	C:\WINDOWS\System32\SHCORE.dll
0x00007ff896d30000 - 0x00007ff896d97000 	C:\WINDOWS\System32\shlwapi.dll
0x00007ff8954c0000 - 0x00007ff8954e9000 	C:\WINDOWS\SYSTEM32\profapi.dll
0x00007ff88b5b0000 - 0x00007ff88b5c7000 	C:\Program Files\Java\jdk-25.0.2\bin\zip.dll
0x00007ff88bfb0000 - 0x00007ff88bfc2000 	C:\Program Files\Java\jdk-25.0.2\bin\net.dll
0x00007ff8948a0000 - 0x00007ff89490b000 	C:\WINDOWS\system32\mswsock.dll
0x00007ff88b5d0000 - 0x00007ff88b5e6000 	C:\Program Files\Java\jdk-25.0.2\bin\nio.dll
0x00007ff893e90000 - 0x00007ff893fba000 	C:\WINDOWS\SYSTEM32\DNSAPI.dll
0x00007ff893db0000 - 0x00007ff893de3000 	C:\WINDOWS\SYSTEM32\IPHLPAPI.DLL
0x00007ff896b00000 - 0x00007ff896b0a000 	C:\WINDOWS\System32\NSI.dll
0x00007ff88cb10000 - 0x00007ff88cb1b000 	C:\Windows\System32\rasadhlp.dll
0x00007ff885400000 - 0x00007ff885409000 	C:\Program Files\Java\jdk-25.0.2\bin\extnet.dll
0x00007ff88eea0000 - 0x00007ff88ef26000 	C:\WINDOWS\System32\fwpuclnt.dll
0x00007ff8853f0000 - 0x00007ff8853fa000 	C:\Program Files\Java\jdk-25.0.2\bin\management.dll
0x00007ff885350000 - 0x00007ff88535c000 	C:\Program Files\Java\jdk-25.0.2\bin\management_ext.dll
0x00007ff898c70000 - 0x00007ff898c78000 	C:\WINDOWS\System32\PSAPI.DLL
0x00007ff894b90000 - 0x00007ff894bab000 	C:\WINDOWS\SYSTEM32\CRYPTSP.dll
0x00007ff894290000 - 0x00007ff8942c9000 	C:\WINDOWS\system32\rsaenh.dll
0x00007ff894950000 - 0x00007ff894982000 	C:\WINDOWS\SYSTEM32\USERENV.dll
0x00007ff895490000 - 0x00007ff8954ba000 	C:\WINDOWS\SYSTEM32\bcrypt.dll
0x00007ff894b80000 - 0x00007ff894b8c000 	C:\WINDOWS\SYSTEM32\CRYPTBASE.dll
0x00007ff87f710000 - 0x00007ff87f728000 	C:\WINDOWS\system32\napinsp.dll
0x00007ff87e170000 - 0x00007ff87e182000 	C:\WINDOWS\System32\winrnr.dll
0x00007ff88c670000 - 0x00007ff88c686000 	C:\WINDOWS\system32\wshbth.dll
0x00007ff87e140000 - 0x00007ff87e162000 	C:\WINDOWS\system32\nlansp_c.dll
0x00007ff885410000 - 0x00007ff88541e000 	C:\Program Files\Java\jdk-25.0.2\bin\sunmscapi.dll
0x00007ff895830000 - 0x00007ff8959a7000 	C:\WINDOWS\System32\CRYPT32.dll
0x00007ff894da0000 - 0x00007ff894dd0000 	C:\WINDOWS\SYSTEM32\ncrypt.dll
0x00007ff894d50000 - 0x00007ff894d8f000 	C:\WINDOWS\SYSTEM32\NTASN1.dll
0x00007ff885240000 - 0x00007ff885250000 	C:\Program Files\Java\jdk-25.0.2\bin\verify.dll
0x00007ff87faf0000 - 0x00007ff87fb46000 	C:\WINDOWS\SYSTEM32\pdh.dll

JVMTI agents:
C:\Program Files\JetBrains\IntelliJ IDEA 2025.3.3\lib\idea_rt.jar path:C:\Program Files\Java\jdk-25.0.2\bin\instrument.dll, loaded, initialized, instrumentlib options:59392

dbghelp: loaded successfully - version: 4.0.5 - missing functions: none
symbol engine: initialized successfully - sym options: 0x614 - pdb path: .;C:\Program Files\Java\jdk-25.0.2\bin;C:\WINDOWS\SYSTEM32;C:\WINDOWS\WinSxS\amd64_microsoft.windows.common-controls_6595b64144ccf1df_6.0.26100.8037_none_3e092faae333b53b;C:\Program Files\Java\jdk-25.0.2\bin\server

VM Arguments:
jvm_args: -XX:TieredStopAtLevel=1 -Dspring.output.ansi.enabled=always -Dcom.sun.management.jmxremote -Dspring.jmx.enabled=true -Dspring.liveBeansView.mbeanDomain -Dspring.application.admin.enabled=true -Dmanagement.endpoints.jmx.exposure.include=* -javaagent:C:\Program Files\JetBrains\IntelliJ IDEA 2025.3.3\lib\idea_rt.jar=59392 -Dfile.encoding=UTF-8 -Dsun.stdout.encoding=UTF-8 -Dsun.stderr.encoding=UTF-8 
java_command: com.example.habittracker.HabitTrackerApplication
java_class_path (initial): C:\Users\kirel\IdeaProjects\habittracker\target\classes;C:\Users\kirel\.m2\repository\org\springframework\boot\spring-boot-starter-web\3.3.5\spring-boot-starter-web-3.3.5.jar;C:\Users\kirel\.m2\repository\org\springframework\boot\spring-boot-starter\3.3.5\spring-boot-starter-3.3.5.jar;C:\Users\kirel\.m2\repository\org\springframework\boot\spring-boot-starter-logging\3.3.5\spring-boot-starter-logging-3.3.5.jar;C:\Users\kirel\.m2\repository\ch\qos\logback\logback-classic\1.5.11\logback-classic-1.5.11.jar;C:\Users\kirel\.m2\repository\ch\qos\logback\logback-core\1.5.11\logback-core-1.5.11.jar;C:\Users\kirel\.m2\repository\org\apache\logging\log4j\log4j-to-slf4j\2.23.1\log4j-to-slf4j-2.23.1.jar;C:\Users\kirel\.m2\repository\org\apache\logging\log4j\log4j-api\2.23.1\log4j-api-2.23.1.jar;C:\Users\kirel\.m2\repository\org\slf4j\jul-to-slf4j\2.0.16\jul-to-slf4j-2.0.16.jar;C:\Users\kirel\.m2\repository\jakarta\annotation\jakarta.annotation-api\2.1.1\jakarta.annotation-api-2.1.1.jar;C:\Users\kirel\.m2\repository\org\yaml\snakeyaml\2.2\snakeyaml-2.2.jar;C:\Users\kirel\.m2\repository\org\springframework\boot\spring-boot-starter-json\3.3.5\spring-boot-starter-json-3.3.5.jar;C:\Users\kirel\.m2\repository\com\fasterxml\jackson\core\jackson-databind\2.17.2\jackson-databind-2.17.2.jar;C:\Users\kirel\.m2\repository\com\fasterxml\jackson\core\jackson-annotations\2.17.2\jackson-annotations-2.17.2.jar;C:\Users\kirel\.m2\repository\com\fasterxml\jackson\core\jackson-core\2.17.2\jackson-core-2.17.2.jar;C:\Users\kirel\.m2\repository\com\fasterxml\jackson\datatype\jackson-datatype-jdk8\2.17.2\jackson-datatype-jdk8-2.17.2.jar;C:\Users\kirel\.m2\repository\com\fasterxml\jackson\datatype\jackson-datatype-jsr310\2.17.2\jackson-datatype-jsr310-2.17.2.jar;C:\Users\kirel\.m2\repository\com\fasterxml\jackson\module\jackson-module-parameter-names\2.17.2\jackson-module-parameter-names-2.17.2.jar;C:\Users\kirel\.m2\repository\org\springframework\boot\spring-boot-starter-tomcat\3.3.5\spring-boot-starter-tomcat-3.3.5.jar;C:\Users\kirel\.m2\repository\org\apache\tomcat\embed\tomcat-embed-core\10.1.31\tomcat-embed-core-10.1.31.jar;C:\Users\kirel\.m2\repository\org\apache\tomcat\embed\tomcat-embed-el\10.1.31\tomcat-embed-el-10.1.31.jar;C:\Users\kirel\.m2\repository\org\apache\tomcat\embed\tomcat-embed-websocket\10.1.31\tomcat-embed-websocket-10.1.31.jar;C:\Users\kirel\.m2\repository\org\springframework\spring-web\6.1.14\spring-web-6.1.14.jar;C:\Users\kirel\.m2\repository\org\springframework\spring-beans\6.1.14\spring-beans-6.1.14.jar;C:\Users\kirel\.m2\repository\io\micrometer\micrometer-observation\1.13.6\micrometer-observation-1.13.6.jar;C:\Users\kirel\.m2\repository\io\micrometer\micrometer-commons\1.13.6\micrometer-commons-1.13.6.jar;C:\Users\kirel\.m2\repository\org\springframework\spring-webmvc\6.1.14\spring-webmvc-6.1.14.jar;C:\Users\kirel\.m2\repository\org\springframework\spring-aop\6.1.14\spring-aop-6.1.14.jar;C:\Users\kirel\.m2\repository\org\springframework\spring-context\6.1.14\spring-context-6.1.14.jar;C:\Users\kirel\.m2\repository\org\springframework\spring-expression\6.1.14\spring-expression-6.1.14.jar;C:\Users\kirel\.m2\repository\org\springframework\boot\spring-boot-starter-data-jpa\3.3.5\spring-boot-starter-data-jpa-3.3.5.jar;C:\Users\kirel\.m2\repository\org\springframework\boot\spring-boot-starter-aop\3.3.5\spring-boot-starter-aop-3.3.5.jar;C:\Users\kirel\.m2\repository\org\aspectj\aspectjweaver\1.9.22.1\aspectjweaver-1.9.22.1.jar;C:\Users\kirel\.m2\repository\org\springframework\boot\spring-boot-starter-jdbc\3.3.5\spring-boot-starter-jdbc-3.3.5.jar;C:\Users\kirel\.m2\repository\com\zaxxer\HikariCP\5.1.0\HikariCP-5.1.0.jar;C:\Users\kirel\.m2\repository\org\springframework\spring-jdbc\6.1.14\spring-jdbc-6.1.14.jar;C:\Users\kirel\.m2\repository\org\hibernate\orm\hibernate-core\6.5.3.Final\hibernate-core-6.5.3.Final.jar;C:\Users\kirel\.m2\repository\jakarta\persistence\jakarta.persistence-api\3.1.0\jakarta.persistence-api-3.1.0.jar;C:\Users\kirel\.m2\repository\jakarta\transaction\jakarta.transaction-api\2.0.1\jakarta.transaction-api-2.0.1.jar;C:\Users\kirel\.m2\repository\org\jboss\logging\jboss-logging\3.5.3.Final\jboss-logging-3.5.3.Final.jar;C:\Users\kirel\.m2\repository\org\hibernate\common\hibernate-commons-annotations\6.0.6.Final\hibernate-commons-annotations-6.0.6.Final.jar;C:\Users\kirel\.m2\repository\io\smallrye\jandex\3.1.2\jandex-3.1.2.jar;C:\Users\kirel\.m2\repository\com\fasterxml\classmate\1.7.0\classmate-1.7.0.jar;C:\Users\kirel\.m2\repository\net\bytebuddy\byte-buddy\1.14.19\byte-buddy-1.14.19.jar;C:\Users\kirel\.m2\repository\org\glassfish\jaxb\jaxb-runtime\4.0.5\jaxb-runtime-4.0.5.jar;C:\Users\kirel\.m2\repository\org\glassfish\jaxb\jaxb-core\4.0.5\jaxb-core-4.0.5.jar;C:\Users\kirel\.m2\repository\org\eclipse\angus\angus-activation\2.0.2\angus-activation-2.0.2.jar;C:\Users\kirel\.m2\repository\org\glassfish\jaxb\txw2\4.0.5\txw2-4.0.5.jar;C:\Users\kirel\.m2\repository\com\sun\istack\istack-commons-runtime\4.1.2\istack-commons-runtime-4.1.2.jar;C:\Users\kirel\.m2\repository\jakarta\inject\jakarta.inject-api\2.0.1\jakarta.inject-api-2.0.1.jar;C:\Users\kirel\.m2\repository\org\antlr\antlr4-runtime\4.13.0\antlr4-runtime-4.13.0.jar;C:\Users\kirel\.m2\repository\org\springframework\data\spring-data-jpa\3.3.5\spring-data-jpa-3.3.5.jar;C:\Users\kirel\.m2\repository\org\springframework\data\spring-data-commons\3.3.5\spring-data-commons-3.3.5.jar;C:\Users\kirel\.m2\repository\org\springframework\spring-orm\6.1.14\spring-orm-6.1.14.jar;C:\Users\kirel\.m2\repository\org\springframework\spring-tx\6.1.14\spring-tx-6.1.14.jar;C:\Users\kirel\.m2\repository\org\slf4j\slf4j-api\2.0.16\slf4j-api-2.0.16.jar;C:\Users\kirel\.m2\repository\org\springframework\spring-aspects\6.1.14\spring-aspects-6.1.14.jar;C:\Users\kirel\.m2\repository\org\postgresql\postgresql\42.7.4\postgresql-42.7.4.jar;C:\Users\kirel\.m2\repository\org\checkerframework\checker-qual\3.42.0\checker-qual-3.42.0.jar;C:\Users\kirel\.m2\repository\org\springframework\boot\spring-boot-devtools\3.3.5\spring-boot-devtools-3.3.5.jar;C:\Users\kirel\.m2\repository\org\springframework\boot\spring-boot\3.3.5\spring-boot-3.3.5.jar;C:\Users\kirel\.m2\repository\org\springframework\boot\spring-boot-autoconfigure\3.3.5\spring-boot-autoconfigure-3.3.5.jar;C:\Users\kirel\.m2\repository\jakarta\xml\bind\jakarta.xml.bind-api\4.0.2\jakarta.xml.bind-api-4.0.2.jar;C:\Users\kirel\.m2\repository\jakarta\activation\jakarta.activation-api\2.1.3\jakarta.activation-api-2.1.3.jar;C:\Users\kirel\.m2\repository\org\springframework\spring-core\6.1.14\spring-core-6.1.14.jar;C:\Users\kirel\.m2\repository\org\springframework\spring-jcl\6.1.14\spring-jcl-6.1.14.jar
Launcher Type: SUN_STANDARD

[Global flags]
     intx CICompilerCount                          = 4                                         {product} {ergonomic}
     uint ConcGCThreads                            = 3                                         {product} {ergonomic}
     uint G1ConcRefinementThreads                  = 10                                        {product} {ergonomic}
   size_t G1HeapRegionSize                         = 1048576                                   {product} {ergonomic}
   size_t InitialHeapSize                          = 98566144                                  {product} {ergonomic}
     bool ManagementServer                         = true                                      {product} {command line}
   size_t MarkStackSize                            = 4194304                                   {product} {ergonomic}
   size_t MarkStackSizeMax                         = 536870912                                 {product} {ergonomic}
   size_t MaxHeapSize                              = 1572864000                                {product} {ergonomic}
   size_t MaxNewSize                               = 943718400                                 {product} {ergonomic}
   size_t MinHeapDeltaBytes                        = 1048576                                   {product} {ergonomic}
   size_t MinHeapSize                              = 8388608                                   {product} {ergonomic}
    uintx NonNMethodCodeHeapSize                   = 4096                                   {pd product} {ergonomic}
    uintx NonProfiledCodeHeapSize                  = 0                                      {pd product} {ergonomic}
     bool ProfileInterpreter                       = false                                  {pd product} {command line}
    uintx ProfiledCodeHeapSize                     = 0                                      {pd product} {ergonomic}
   size_t SoftMaxHeapSize                          = 1572864000                             {manageable} {ergonomic}
     intx TieredStopAtLevel                        = 1                                         {product} {command line}
     bool UseCompressedOops                        = true                           {product lp64_product} {ergonomic}
     bool UseG1GC                                  = true                                      {product} {ergonomic}
     bool UseLargePagesIndividualAllocation        = false                                  {pd product} {ergonomic}

Logging:
Log output configuration:
 #0: stdout all=warning uptime,level,tags foldmultilines=false
 #1: stderr all=off uptime,level,tags foldmultilines=false

Release file:
IMPLEMENTOR="Oracle Corporation" 
JAVA_RUNTIME_VERSION="25.0.2+10-LTS-69" 
JAVA_VERSION="25.0.2" 
JAVA_VERSION_DATE="2026-01-20" 
LIBC="default" 
MODULES="java.base java.compiler java.datatransfer java.xml java.prefs java.desktop java.instrument java.logging java.management java.security.sasl java.naming java.rmi java.management.rmi java.net.http java.scripting java.security.jgss java.transaction.xa java.sql java.sql.rowset java.xml.crypto java.se java.smartcardio jdk.accessibility jdk.internal.jvmstat jdk.attach jdk.charsets jdk.internal.opt jdk.zipfs jdk.compiler jdk.crypto.cryptoki jdk.crypto.ec jdk.crypto.mscapi jdk.dynalink jdk.internal.ed jdk.editpad jdk.internal.vm.ci jdk.graal.compiler jdk.graal.compiler.management jdk.hotspot.agent jdk.httpserver jdk.incubator.vector jdk.internal.le jdk.internal.md jdk.jartool jdk.javadoc jdk.jcmd jdk.management jdk.management.agent jdk.jconsole jdk.jdeps jdk.jdwp.agent jdk.jdi jdk.jfr jdk.jlink jdk.jpackage jdk.jshell jdk.jsobject jdk.jstatd jdk.localedata jdk.management.jfr jdk.naming.dns jdk.naming.rmi jdk.net jdk.nio.mapmode jdk.sctp jdk.security.auth jdk.security.jgss jdk.unsupported jdk.unsupported.desktop jdk.xml.dom" 
OS_ARCH="x86_64" 
OS_NAME="Windows" 
SOURCE=".:git:b75efb40c93a open:git:405a5699ebd0" 

Environment Variables:
PATH=C:\Program Files\Common Files\Oracle\Java\javapath;C:\WINDOWS\system32;C:\WINDOWS;C:\WINDOWS\System32\Wbem;C:\WINDOWS\System32\WindowsPowerShell\v1.0\;C:\WINDOWS\System32\OpenSSH\;C:\Program Files\Apache\maven\apache-maven-3.9.12\bin;C:\Program Files\Git\cmd;C:\Program Files (x86)\Print Conductor;C:\Program Files\Docker\Docker\resources\bin;C:\Users\kirel\AppData\Local\Microsoft\WindowsApps;C:\Program Files\JetBrains\IntelliJ IDEA 2025.3.3\bin;C:\Program Files (x86)\Print Conductor;C:\Users\kirel\AppData\Local\Programs\cursor\resources\app\bin
USERNAME=kirel
OS=Windows_NT
PROCESSOR_IDENTIFIER=AMD64 Family 25 Model 80 Stepping 0, AuthenticAMD
TMP=C:\Users\kirel\AppData\Local\Temp
TEMP=C:\Users\kirel\AppData\Local\Temp




Compilation memory statistics disabled.

Periodic native trim disabled

---------------  S Y S T E M  ---------------

OS:
 Windows 11 , 64 bit Build 26100 (10.0.26100.7920)
OS uptime: 0 days 19:54 hours
Hyper-V role detected

CPU: total 12 (initial active 12) (12 cores per cpu, 2 threads per core) family 25 model 80 stepping 0 microcode 0xa50000f, cx8, cmov, fxsr, ht, mmx, 3dnowpref, sse, sse2, sse3, ssse3, sse4a, sse4.1, sse4.2, popcnt, lzcnt, tsc, tscinvbit, avx, avx2, aes, erms, clmul, bmi1, bmi2, adx, sha, fma, vzeroupper, clflush, clflushopt, clwb, hv, rdtscp, rdpid, fsrm, f16c, cet_ss
Processor Information for processor 0
  Max Mhz: 3301, Current Mhz: 3301, Mhz Limit: 3301
Processor Information for processor 1
  Max Mhz: 3301, Current Mhz: 1805, Mhz Limit: 3301
Processor Information for processor 2
  Max Mhz: 3301, Current Mhz: 3301, Mhz Limit: 3301
Processor Information for processor 3
  Max Mhz: 3301, Current Mhz: 3301, Mhz Limit: 3301
Processor Information for processor 4
  Max Mhz: 3301, Current Mhz: 1805, Mhz Limit: 3301
Processor Information for processor 5
  Max Mhz: 3301, Current Mhz: 3301, Mhz Limit: 3301
Processor Information for processor 6
  Max Mhz: 3301, Current Mhz: 1805, Mhz Limit: 3301
Processor Information for processor 7
  Max Mhz: 3301, Current Mhz: 1805, Mhz Limit: 3301
Processor Information for processor 8
  Max Mhz: 3301, Current Mhz: 1805, Mhz Limit: 3301
Processor Information for processor 9
  Max Mhz: 3301, Current Mhz: 1805, Mhz Limit: 3301
Processor Information for processor 10
  Max Mhz: 3301, Current Mhz: 1805, Mhz Limit: 3301
Processor Information for processor 11
  Max Mhz: 3301, Current Mhz: 1805, Mhz Limit: 3301

Memory: 4k page, system-wide physical 5996M (228M free)
TotalPageFile size 17996M (AvailPageFile size 4M)
current process WorkingSet (physical memory assigned to process): 96M, peak: 172M
current process commit charge ("private bytes"): 231M, peak: 231M

vm_info: Java HotSpot(TM) 64-Bit Server VM (25.0.2+10-LTS-69) for windows-amd64 JRE (25.0.2+10-LTS-69), built on 2025-12-18T11:36:35Z with MS VC++ 17.13 (VS2022)

END.
